<?xml version="1.0" encoding="utf-8" standalone="no"?>
<!--This file represents the results of running a test suite-->
<test-results name="C:\projects\2165 SMB T&amp;M Job Detail Analysis\Tests\bin\Debug\Tests.dll" total="1" errors="0" failures="0" not-run="0" inconclusive="0" ignored="0" skipped="0" invalid="0" date="2010-10-04" time="13:53:59">
  <environment nunit-version="2.5.7.10213" clr-version="2.0.50727.4952" os-version="Microsoft Windows NT 6.1.7600.0" platform="Win32NT" cwd="C:\projects\2165 SMB T&amp;M Job Detail Analysis\Tests\bin\Debug" machine-name="BNIEMCZYK-N" user="bniemczyk" user-domain="SYSCON-INC" />
  <culture-info current-culture="en-US" current-uiculture="en-US" />
  <test-suite type="Assembly" name="C:\projects\2165 SMB T&amp;M Job Detail Analysis\Tests\bin\Debug\Tests.dll" executed="True" result="Success" success="True" time="0.179" asserts="0">
    <results>
      <test-suite type="Namespace" name="JobDetailAnalysis" executed="True" result="Success" success="True" time="0.167" asserts="0">
        <results>
          <test-suite type="TestFixture" name="Tests" executed="True" result="Success" success="True" time="0.157" asserts="0">
            <results>
              <test-case name="JobDetailAnalysis.Tests.JsonTest" executed="True" result="Success" success="True" time="0.118" asserts="1" />
            </results>
          </test-suite>
        </results>
      </test-suite>
    </results>
  </test-suite>
</test-results>